2025-11-12 08:35:52,091 DEBUG    root            Loaded Command Group: ['gcloud', 'config']
2025-11-12 08:35:52,095 DEBUG    root            Loaded Command Group: ['gcloud', 'config', 'config_helper']
2025-11-12 08:35:52,099 DEBUG    root            Running [gcloud.config.config-helper] with arguments: [--format: "json", --min-expiry: "1800"]
2025-11-12 08:35:52,148 DEBUG    google.auth.transport.requests Making request: GET http://metadata.google.internal/computeMetadata/v1/instance/service-accounts/1080590608745-compute@developer.gserviceaccount.com/?recursive=true
2025-11-12 08:35:52,151 DEBUG    urllib3.connectionpool Starting new HTTP connection (1): metadata.google.internal:80
2025-11-12 08:35:52,153 DEBUG    urllib3.connectionpool http://metadata.google.internal:80 "GET /computeMetadata/v1/instance/service-accounts/1080590608745-compute@developer.gserviceaccount.com/?recursive=true HTTP/11" 200 155
2025-11-12 08:35:52,154 DEBUG    google.auth.transport.requests Making request: GET http://metadata.google.internal/computeMetadata/v1/instance/service-accounts/1080590608745-compute@developer.gserviceaccount.com/token
2025-11-12 08:35:52,157 DEBUG    urllib3.connectionpool http://metadata.google.internal:80 "GET /computeMetadata/v1/instance/service-accounts/1080590608745-compute@developer.gserviceaccount.com/token HTTP/11" 200 868
2025-11-12 08:35:52,175 DEBUG    root            Chosen display Format:default json
2025-11-12 08:35:52,176 INFO     root            Display format: "default json"
2025-11-12 08:35:52,240 INFO     ___FILE_ONLY___ {
  "configuration": {
    "active_configuration": "default",
    "properties": {
      "compute": {
        "region": "us-central1"
      },
      "core": {
        "account": "1080590608745-compute@developer.gserviceaccount.com",
        "disable_usage_reporting": "True",
        "project": "sanguine-stock-473303-b4"
      },
      "dataproc": {
        "region": "us-central1"
      }
    }
  },
  "credential": {
    "access_token": "ya29.c.c0ASRK0GbtDlyPBFSAfCzo0d0wqjjX5gEzAYOXdZPA9sAVtZRTubi66weA2SG8Jl9NZ_gi-g0oHArd-spzdjXhWdeYrU-j0mTYuZ8e9vINQTpmWQIoQpDX3ridMaWmvbU1-tZP-73tjZT5Gu2-zKk1kdnJ-uuUs0pvCTxDweIiyh-FRmvUMhLz4-bwmlYx76cKNcBgxFUh_rFSTiN3Tg1fzkdnVCbFhc-Khs7YNlbDl06puSClU0nUW9PI3fImzQg_tEc1Wr6jkEh-rQTDZgF0lpM52zWEEZwLyAhWoGJi2ddH1tD4xobTHo6_aLUU5Q2EUX3KUKERARdI10CbQwKTk48jg1KR2NAvzRATfo9Yd7R-DBBf0XvcjH5xJ_2enXqKGpFdEGofSEB3R-NPblFkjQT415Pzv7Q5fupoZo4kR8prXWpwk6J5I5BWqWiVh289O59tpiOvijdzV09ZBnQQYjFrj8J9YqiZhwijmjzY2hbwppbpXnla61xhqj_aV6UuMjmf6W1mtB06xsxfsrBaWBkqVYasZX8pfxWwjsOR6BhwingOnai8poXnFi6rgyBlO_JFXZ36gys4RuY757hOo_OJfwx3mwwMwUM-9qhjxRMup6B4WXbIwpJzfi43Iq1WkplxpBxmRiIsaZe_egYycnst-4h_8hwmFQf-tIxBB_3V7sF__bdlwcqOB6B_5p48_ze_56mR5S54Q3rrWma8dOZwX0osXo1qQ3ic-vXv3muwfdjdrjZuIlh4gZxQ6JjdQxpva5hmkzcirFiyF28ktb3OOZudyMcrvzF-8fsnhSvrM_-X8vIXbp_IimJSaJs9Z1vxf-vqS7jRe2bp3Sobo3dmocZt2gx5h5-RoQ-dt8Mm-oWkQzIucY3UtRamsOcOU3OaxfM88VdXzoqdBjruircSf10VF9qQb5vx-rWbegqwglp1dRi8oVdJxtyF7BZU5zRblJh7Xys9lvVr1eZ89gdmYZrU34YUjgeehYtF08eZSc2WzgnSVbj",
    "id_token": "eyJhbGciOiJSUzI1NiIsImtpZCI6IjRmZWI0NGYwZjdhN2UyN2M3YzQwMzM3OWFmZjIwYWY1YzhjZjUyZGMiLCJ0eXAiOiJKV1QifQ.eyJhdWQiOiIzMjU1NTk0MDU1OS5hcHBzLmdvb2dsZXVzZXJjb250ZW50LmNvbSIsImF6cCI6IjEwNTIzOTM1NTc2NTQzODcyNDMyNCIsImV4cCI6MTc2Mjk0MDE1MSwiaWF0IjoxNzYyOTM2NTUxLCJpc3MiOiJodHRwczovL2FjY291bnRzLmdvb2dsZS5jb20iLCJzdWIiOiIxMDUyMzkzNTU3NjU0Mzg3MjQzMjQifQ.M7bp-38LTcdo3xdLFKpd07nnH6y8NN-aF0NVDA7rvPnQEgTrTzZIbb14dmo5aszn_fNTuAzOCCzLtvzocn9loD9psd7otIwCZYjttGIqredGuOAVGfxaKbBsmNzHoN76lmYNpA2gdN87fvct5FHArQWGsgxnfSycqiLlGIG32oTlUcOPGok8vYt0pJ3D5MdwM0XlG64Rn4YjIPBQ6Hr83hkI-jECYrB2ruD6i7N17fJcHwNs6qHBhQNQ8pbS4BsaFOGlNNpD_lsl5MHlGtB72q66PewDW8SmZfARPdoNMJYZt72nfWQ4fu-aHEXRWruAgqI8rOohC6BDl15zaQQ8eg",
    "token_expiry": "2025-11-12T08:44:29Z"
  },
  "sentinels": {
    "config_sentinel": "/home/jupyter/.config/gcloud/config_sentinel"
  }
}
2025-11-12 08:35:52,240 INFO     ___FILE_ONLY___ 

2025-11-12 08:35:52,250 DEBUG    root            SDK update checks are disabled.
