2025-11-16 06:00:30,630 DEBUG    root            Loaded Command Group: ['gcloud', 'config']
2025-11-16 06:00:30,634 DEBUG    root            Loaded Command Group: ['gcloud', 'config', 'config_helper']
2025-11-16 06:00:30,638 DEBUG    root            Running [gcloud.config.config-helper] with arguments: [--format: "json", --min-expiry: "1800"]
2025-11-16 06:00:30,731 DEBUG    google.auth.transport.requests Making request: GET http://metadata.google.internal/computeMetadata/v1/instance/service-accounts/1080590608745-compute@developer.gserviceaccount.com/?recursive=true
2025-11-16 06:00:30,735 DEBUG    urllib3.connectionpool Starting new HTTP connection (1): metadata.google.internal:80
2025-11-16 06:00:30,742 DEBUG    urllib3.connectionpool http://metadata.google.internal:80 "GET /computeMetadata/v1/instance/service-accounts/1080590608745-compute@developer.gserviceaccount.com/?recursive=true HTTP/11" 200 155
2025-11-16 06:00:30,744 DEBUG    google.auth.transport.requests Making request: GET http://metadata.google.internal/computeMetadata/v1/instance/service-accounts/1080590608745-compute@developer.gserviceaccount.com/token
2025-11-16 06:00:30,747 DEBUG    urllib3.connectionpool http://metadata.google.internal:80 "GET /computeMetadata/v1/instance/service-accounts/1080590608745-compute@developer.gserviceaccount.com/token HTTP/11" 200 871
2025-11-16 06:00:30,776 DEBUG    root            Chosen display Format:default json
2025-11-16 06:00:30,777 INFO     root            Display format: "default json"
2025-11-16 06:00:30,868 INFO     ___FILE_ONLY___ {
  "configuration": {
    "active_configuration": "default",
    "properties": {
      "compute": {
        "region": "us-central1"
      },
      "core": {
        "account": "1080590608745-compute@developer.gserviceaccount.com",
        "disable_usage_reporting": "True",
        "project": "sanguine-stock-473303-b4"
      },
      "dataproc": {
        "region": "us-central1"
      }
    }
  },
  "credential": {
    "access_token": "ya29.c.c0ASRK0GaG3hcBjLSEiRTNU8EQjcdImDMtidpfPiJ2IvROBksSg4AW44iXJh5gZi23Tf27YHE0Zilg4EwLvCHAjMkwaOu559FWXdxVMTkHdS716t2fdvIUpRKWtpRTI7qxXy0d5gra2yxMHP55TWZW7WZvFc40qgCJD59MJr8z0Df0uxMCNeBfiFJt_OnMYArKwI3c-AkruzIqHGzSNegx7PIcW9NyHN7X1vA7XcLnnnG4bBhreEweGc9nK5XzzWs1Qjx1fZF-hzzaCxStVlk5HFOYF2RAqZEDQI0Cgt75-ow3rQAIAE7FYge3oV3zt9bJBanUr4cTHbN0Vc8puf-gOxpLS5nioplURlmCQBgh9tzMc7JYp4Pl63sPTQSWrg35cBB1dhzgfBnX-Y56-2PaOQE415Kzz45291FWdbpxMyy3muJhQpR4dvoeXxciyuv8qm_Z5cZ-hBVdgxlFBInolZ0ZfMBrmuoUfsv0ss04sV0poj6ZItgeMJ-aj5VFBa5y-hU-VwO7SbkV1rySs9taqV4vJIidbdSqSRS4X1U90_6sydb-4g-ie8b344F0Jfami2O2qxX2aiUXsQInvmyuh-Xqorgt_72jSmy5ttWSl7t2vFwXoiRc_tsrXlxpW_im8IonluvcwbY4lMFO3Jr96gawObaSzZbI7Qd2lXjn63IpdhfqVhy_-Ozs1WtiQeYhdZiZ6XYqO27X9FRl_oQRu3d09x3hpZxI9733nX0axwBpq5RhhQ4iwjIbcQUM3xfUa7FxSszIkIW3FMIVrlRnuFzY6FVd52U-1784gMYmfRl_kgwFz9MeujUvuhspq78bty0qbYJMOWbFRg4aQaIV2y7wOZU1mhFFt20OQ8UMnrF3yzoStVwo5xRRY1d_IeQjMOyYMk8VjSVIM36qp0Fd2cU_1dIeJXyzJ_Zd9x75ccosYm8F6yavbt9Ysy244kSwzaBx2FORO1t9M40-19UU5pnmbpFRYhnO69rtMpB2cIFMc2ZehBiBamM",
    "id_token": "eyJhbGciOiJSUzI1NiIsImtpZCI6IjRmZWI0NGYwZjdhN2UyN2M3YzQwMzM3OWFmZjIwYWY1YzhjZjUyZGMiLCJ0eXAiOiJKV1QifQ.eyJhdWQiOiIzMjU1NTk0MDU1OS5hcHBzLmdvb2dsZXVzZXJjb250ZW50LmNvbSIsImF6cCI6IjEwNTIzOTM1NTc2NTQzODcyNDMyNCIsImV4cCI6MTc2MzI3NjQzMCwiaWF0IjoxNzYzMjcyODMwLCJpc3MiOiJodHRwczovL2FjY291bnRzLmdvb2dsZS5jb20iLCJzdWIiOiIxMDUyMzkzNTU3NjU0Mzg3MjQzMjQifQ.k3U5y2qmD9JQKUqbpqzJUtlnmjjyBro-us85hPbW4bglWnebjFfzGAj_pDAqJckpKUsLbheroDzMeWeFsUoBZAuVHfzmt-F48aCvEcNUDQh-3kNGOl8tBNiT5Lqmg6eeIdB5BuoSTbvGj78jKBpSPoatTWeZt0YZIQOkVp86FXxJ31rSfjLw8kNfbFD83Ore-rX8WoRYgDdaX5Rf7iGWOVyazykeG5t9WN_mXTsixfwKzblfSk-mRw9DX49RxeO_6D-eosTrnzGoPQD1txji9s9eObdzsYAvKYLlh2rnNuot9d6Uvc8DbBWvY6LFrxwhqklLvxifGYd1JypqWxJDsA",
    "token_expiry": "2025-11-16T06:28:01Z"
  },
  "sentinels": {
    "config_sentinel": "/home/jupyter/.config/gcloud/config_sentinel"
  }
}
2025-11-16 06:00:30,868 INFO     ___FILE_ONLY___ 

2025-11-16 06:00:30,883 DEBUG    root            SDK update checks are disabled.
