2025-11-16 06:41:14,531 DEBUG    root            Loaded Command Group: ['gcloud', 'services']
2025-11-16 06:41:14,543 DEBUG    root            Loaded Command Group: ['gcloud', 'services', 'list']
2025-11-16 06:41:14,548 DEBUG    root            Running [gcloud.services.list] with arguments: [--enabled: "True", --filter: "NAME=dataproc.googleapis.com", --project: "sanguine-stock-473303-b4"]
2025-11-16 06:41:14,608 DEBUG    root            Chosen display Format:
          table(
            config.name:label=NAME:sort=1,
            config.title
          )
        
2025-11-16 06:41:14,611 INFO     root            Display format: "
          table(
            config.name:label=NAME:sort=1,
            config.title
          )
        "
2025-11-16 06:41:14,618 DEBUG    urllib3.connectionpool Starting new HTTPS connection (1): serviceusage.googleapis.com:443
2025-11-16 06:41:14,835 DEBUG    urllib3.connectionpool https://serviceusage.googleapis.com:443 "GET /v1/projects/sanguine-stock-473303-b4/services?alt=json&filter=state%3AENABLED&pageSize=200 HTTP/11" 200 None
2025-11-16 06:41:15,184 INFO     ___FILE_ONLY___ NAME
2025-11-16 06:41:15,184 INFO     ___FILE_ONLY___                      
2025-11-16 06:41:15,184 INFO     ___FILE_ONLY___ TITLE
2025-11-16 06:41:15,184 INFO     ___FILE_ONLY___ 

2025-11-16 06:41:15,184 INFO     ___FILE_ONLY___ dataproc.googleapis.com
2025-11-16 06:41:15,184 INFO     ___FILE_ONLY___   
2025-11-16 06:41:15,185 INFO     ___FILE_ONLY___ Cloud Dataproc API
2025-11-16 06:41:15,185 INFO     ___FILE_ONLY___ 

2025-11-16 06:41:15,198 DEBUG    root            SDK update checks are disabled.
