2025-10-29 02:06:20,532 DEBUG    root            Loaded Command Group: ['gcloud', 'config']
2025-10-29 02:06:20,548 DEBUG    root            Loaded Command Group: ['gcloud', 'config', 'config_helper']
2025-10-29 02:06:20,553 DEBUG    root            Running [gcloud.config.config-helper] with arguments: [--format: "json", --min-expiry: "1800"]
2025-10-29 02:06:20,685 DEBUG    google.auth.transport.requests Making request: GET http://metadata.google.internal/computeMetadata/v1/instance/service-accounts/1080590608745-compute@developer.gserviceaccount.com/?recursive=true
2025-10-29 02:06:20,690 DEBUG    urllib3.connectionpool Starting new HTTP connection (1): metadata.google.internal:80
2025-10-29 02:06:20,693 DEBUG    urllib3.connectionpool http://metadata.google.internal:80 "GET /computeMetadata/v1/instance/service-accounts/1080590608745-compute@developer.gserviceaccount.com/?recursive=true HTTP/11" 200 155
2025-10-29 02:06:20,695 DEBUG    google.auth.transport.requests Making request: GET http://metadata.google.internal/computeMetadata/v1/instance/service-accounts/1080590608745-compute@developer.gserviceaccount.com/token
2025-10-29 02:06:20,699 DEBUG    urllib3.connectionpool http://metadata.google.internal:80 "GET /computeMetadata/v1/instance/service-accounts/1080590608745-compute@developer.gserviceaccount.com/token HTTP/11" 200 871
2025-10-29 02:06:20,725 DEBUG    root            Chosen display Format:default json
2025-10-29 02:06:20,726 INFO     root            Display format: "default json"
2025-10-29 02:06:20,838 INFO     ___FILE_ONLY___ {
  "configuration": {
    "active_configuration": "default",
    "properties": {
      "compute": {
        "region": "us-central1"
      },
      "core": {
        "account": "1080590608745-compute@developer.gserviceaccount.com",
        "disable_usage_reporting": "True",
        "project": "sanguine-stock-473303-b4"
      },
      "dataproc": {
        "region": "us-central1"
      }
    }
  },
  "credential": {
    "access_token": "ya29.c.c0ASRK0Gb4hKy2bXhjZuG4J5qu2jDHPnk-24Z2AoMexn8QH2iemSwikWEa0bdD_G4KChYGun9WZTv-KovqTss-MEC2V4W4n5azPoR5y7nQ0icg1uVmRXJ2xjekfzZCY2JWx_qz6dFzDdwsVEh3RxBXwzmNorC_l23cxPLAZFSX4UkowEC0XxIT0PrOLPuiiGtxEUVlxtGYp4x_OheY_tOzAJLkBHneOFkSiTpHx4fOhOlBitHnzhR2JSrFRGHdcESixKZgmBcRtpFwpcjKT6NaUFo2LdKvCxvmHKioU0Kmnq-OvT_UoJO9FPKmsPRJALgsMnPi2GWVppJQ_jfwLmSjAn4iSRSxpNALdcB_FBrUcLPjyyK0VmvDqDN156tcgpwFD99iJKP87oqnTTIcEp4YeksT416C4vbYYgOOywsf2dwUv2RnO-3e2On-gtvivqae0z-l5Bmfp9XyR91i0oaiwqzI9kaZng5wv3-uFwvqYosWWQ9_zMZ_b9w1RQ37lw7j20yl3mQRt0fkfWd72gFy_ltpxIkmxOvWlJac3c6S0B4uaeqr0F1RXzc8cmSMguRqY3B_OYBvZqB2m-R8tQfq_gvF8lr7Vtp__1Jdr5lQ8zQJ6fibxZtRQ1zSSvfI_Josg8vhfntMZfghYwYxc3Z8Q-s3bat1W0gIQu-ik8Wl-66XcB8nU9gxl1JkUMrI4RF5rpF_3c3ZbWRo6q7dR_-fSQmpw9_wgsuIkoWy726OxrRf7acfFfIzqIyzg22nMpacQBMM-Xb7y3QZU8jUqmjdkpY-R5USXhkV6h4rXtpoX7dbB8cbgZwqqUt6vru6jstMg9piyhdxl7lOd-rjtRJq1g6vjspn3MYtwje1wU-voZn1t8soQsUfw5zf81Z2oucIlMt9y5dVf16XgtUqRtrcRpagZ3eySjr2ay3_R_aR4uuFZ542i_opZbxhbyWcumFisp9taBfkrMy6jW6z6nJ6UQh87SrjkIxOa6Mn9QX0e9X0d-5nsvympw-",
    "id_token": "eyJhbGciOiJSUzI1NiIsImtpZCI6Ijg4NDg5MjEyMmUyOTM5ZmQxZjMxMzc1YjJiMzYzZWM4MTU3MjNiYmIiLCJ0eXAiOiJKV1QifQ.eyJhdWQiOiIzMjU1NTk0MDU1OS5hcHBzLmdvb2dsZXVzZXJjb250ZW50LmNvbSIsImF6cCI6IjEwNTIzOTM1NTc2NTQzODcyNDMyNCIsImV4cCI6MTc2MTcwNzE4MCwiaWF0IjoxNzYxNzAzNTgwLCJpc3MiOiJodHRwczovL2FjY291bnRzLmdvb2dsZS5jb20iLCJzdWIiOiIxMDUyMzkzNTU3NjU0Mzg3MjQzMjQifQ.phur6XRzM-3RjCtTGKlBAVebKOgg--_c8qVBMW79p7EM9fmYLQV0AQNPvZQrGC0D0janA1oDIB3JIkRjSE_D4dUujO661sqT8XrFo6_U-TidabIvtTDK5l2SD-rfXU0Cq9PpmvhfiexIcANHof11-VuG0Boy0rJkJn8Cz0ELKeyrMC6lzU_TYHhLLqErXoDWnMwAVZ374MYdRhZk9al46Mf2al9wdaxKhCv3rZpP6p_It7kjqXaNiwMGVD3ZjVwUess0pPBDNIhXchmrPblhwt4fuGAaB_vQBV2MoL1MCKGuFWPzGAqJl2Uf482-F5dCmmwtBdCLfdmuBzyrzJEj5g",
    "token_expiry": "2025-10-29T03:05:55Z"
  },
  "sentinels": {
    "config_sentinel": "/home/jupyter/.config/gcloud/config_sentinel"
  }
}
2025-10-29 02:06:20,839 INFO     ___FILE_ONLY___ 

2025-10-29 02:06:20,854 DEBUG    root            SDK update checks are disabled.
