2025-10-29 02:05:51,249 DEBUG    root            Loaded Command Group: ['gcloud', 'auth']
2025-10-29 02:05:51,269 DEBUG    root            Loaded Command Group: ['gcloud', 'auth', 'configure_docker']
2025-10-29 02:05:51,275 DEBUG    root            Running [gcloud.auth.configure-docker] with arguments: [--quiet: "True"]
2025-10-29 02:05:51,496 WARNING  root            Your config file at [/home/jupyter/.docker/config.json] contains these credential helper entries:

{
  "credHelpers": {
    "gcr.io": "gcloud",
    "us.gcr.io": "gcloud",
    "eu.gcr.io": "gcloud",
    "asia.gcr.io": "gcloud",
    "staging-k8s.gcr.io": "gcloud",
    "marketplace.gcr.io": "gcloud"
  }
}
2025-10-29 02:05:51,496 INFO     ___FILE_ONLY___ Adding credentials for all GCR repositories.

2025-10-29 02:05:51,496 WARNING  root            A long list of credential helpers may cause delays running 'docker build'. We recommend passing the registry name to configure only the registry you are using.
2025-10-29 02:05:51,497 INFO     ___FILE_ONLY___ gcloud credential helpers already registered correctly.

2025-10-29 02:05:51,497 DEBUG    root            Chosen display Format:default
2025-10-29 02:05:51,498 INFO     root            Display format: "default"
2025-10-29 02:05:51,766 DEBUG    root            SDK update checks are disabled.
