2025-10-18 05:10:51,943 DEBUG    root            Loaded Command Group: ['gcloud', 'config']
2025-10-18 05:10:51,946 DEBUG    root            Loaded Command Group: ['gcloud', 'config', 'config_helper']
2025-10-18 05:10:51,948 DEBUG    root            Running [gcloud.config.config-helper] with arguments: [--format: "json", --min-expiry: "1800"]
2025-10-18 05:10:51,968 DEBUG    root            Chosen display Format:default json
2025-10-18 05:10:51,968 INFO     root            Display format: "default json"
2025-10-18 05:10:52,012 INFO     ___FILE_ONLY___ {
  "configuration": {
    "active_configuration": "default",
    "properties": {
      "compute": {
        "region": "us-central1"
      },
      "core": {
        "account": "1080590608745-compute@developer.gserviceaccount.com",
        "disable_usage_reporting": "True",
        "project": "sanguine-stock-473303-b4"
      },
      "dataproc": {
        "region": "us-central1"
      }
    }
  },
  "credential": {
    "access_token": "ya29.c.c0ASRK0GYTDympblbgB4gXIxSMstlDaUbUU0lZcafy2bIZv3l9S-KkKJuaLkAzMf78Fy0rCDnPCNprBEwCjdvhCzMn8dfQLrPye-iYo_DAmkBYxn4lmyFV-uNY-kAxDSrB2o86jqkDrhqPNcT8Ef37YmT3rpeEOAb_kg6D4Az-uEUdZqOoI4N-RuqZ0HRkAfqXtzppiffcrj7KI5NvKL4D2h5LvhCVcb3L4A2rWVbRcaQnWvQxx_LJC9lUzdYaoL8dUzUWEIAgOGeeZhWUldp9VtDm9F2QqzhKdRtSiescLqvq5BEbau05gfHakqLByfnOZVENb8LETdvImiCw8BlGxLp2-6b3DItz9hVFTkPL27I1QgH3y3qjd5HsrmEZv4CY5Gb0ZGVUNcvChaYZUXL5H413Cm2jU401t2ZS66ZdraOu1FnFYbF6RZv0cq5R-QndJoOuR_oh_M375iUIBVwjlIOJb4x0Upmi56mRd-BlmaiVSIJng9sOXnyz7BqdxjuJn8qdnhwFku09jcpaaQ8ju1haWss2bb5-q4nh_I3UhRtSqi6M9xe4xtf8qxxYM1m6jiQszYsU34n4cizgbW5ehvij1h589XqB0tvo5woxSho_iMmSOo79Bnnh7iR6ouYz_zlssVsklwMq8SXWOih2sO-8_8J7sew5BOUUze59Bv9cQlRxQRm4Id8VS0FgZvBkeO1qU4d27ZRO-qjwRn_1guc4JhcoRloMod2OzbJVt8Jyfv46kBxpmXgoX9UcJfzZtW2YVB-sFjJsi5ObVuqpfYaijXk1noqfveomFU-V6_Slm80Ogg03I3Uuo6M64SkROBYBvgB7aJ0tcvus3bSunthcnUxbo7ktgrfOXjJQ0m5F1jIJZ6oJj2nXM9hlYdVqmwbj4gJXeFcaMcjv4mVw2VbkSXWjffp210xik0WISeuQxJF30zm_y3Fg9Rpim56fjRjl0athe8hYY36J85nh_8i-sYxSktUasa2k7uFpQ-JFRn2vwYrbxed",
    "id_token": "eyJhbGciOiJSUzI1NiIsImtpZCI6ImZiOWY5MzcxZDU3NTVmM2UzODNhNDBhYjNhMTcyY2Q4YmFjYTUxN2YiLCJ0eXAiOiJKV1QifQ.eyJhdWQiOiIzMjU1NTk0MDU1OS5hcHBzLmdvb2dsZXVzZXJjb250ZW50LmNvbSIsImF6cCI6IjEwNTIzOTM1NTc2NTQzODcyNDMyNCIsImV4cCI6MTc2MDc2NzcxNSwiaWF0IjoxNzYwNzY0MTE1LCJpc3MiOiJodHRwczovL2FjY291bnRzLmdvb2dsZS5jb20iLCJzdWIiOiIxMDUyMzkzNTU3NjU0Mzg3MjQzMjQifQ.LtPCeLMLB2cutcGUCIiPivXBIO0lFlWC8bcnjw8Tx1Br9UrZgUYugz6pZLFQaA0I58EvNI3gY8FmSTi7vKqNY0ZEtkchLU1N-iBSJ9vy81JtdtpuNOag76G0KnaUMRbzOvB11yj4N5GIKjRZuycUiKiBwv4jwIAXlxI2dRX4qsArfbXSzmacD_iVrEuo8_7viu0INvroHcWIEYBa4HZmOhvYbzM40BQc1V9VP3weqEvmKyXlmGyjAc7gidPsUKQJCs6lx7X_51zHUBS_-VNGKLczCMAeGv_xJnfue-7qEgZg_6WcvQ5MlvqfBCYPbIj59ESJbGw-biga1SuLiEf4nw",
    "token_expiry": "2025-10-18T06:08:34Z"
  },
  "sentinels": {
    "config_sentinel": "/home/jupyter/.config/gcloud/config_sentinel"
  }
}
2025-10-18 05:10:52,013 INFO     ___FILE_ONLY___ 

2025-10-18 05:10:52,021 DEBUG    root            SDK update checks are disabled.
