2025-11-01 11:27:31,762 DEBUG    root            Loaded Command Group: ['gcloud', 'config']
2025-11-01 11:27:31,764 DEBUG    root            Loaded Command Group: ['gcloud', 'config', 'config_helper']
2025-11-01 11:27:31,766 DEBUG    root            Running [gcloud.config.config-helper] with arguments: [--format: "json", --min-expiry: "1800"]
2025-11-01 11:27:31,783 DEBUG    root            Chosen display Format:default json
2025-11-01 11:27:31,784 INFO     root            Display format: "default json"
2025-11-01 11:27:31,821 INFO     ___FILE_ONLY___ {
  "configuration": {
    "active_configuration": "default",
    "properties": {
      "compute": {
        "region": "us-central1"
      },
      "core": {
        "account": "1080590608745-compute@developer.gserviceaccount.com",
        "disable_usage_reporting": "True",
        "project": "sanguine-stock-473303-b4"
      },
      "dataproc": {
        "region": "us-central1"
      }
    }
  },
  "credential": {
    "access_token": "ya29.c.c0ASRK0Ga69dzlwaxQUnh4RDasf02fNHsvC1INKgqEwAtensjfIMQ6sXPrlCtKb2XsLvz38OIC7EUHotE-EQ6aN7ZlZsvrCcOy3Uzgc79jQSZ_GmSr5P4jGOiv6jGQWOkF-dROC7scF4uiUaxNX4reqCF7T1l7l_q0N83ZHkJkNNfAVgKgR1NO7DjVRyB_kyCuESJEhWXzQDoRp5oLG-Oad6qfP0LmgQSMOTWNBkBJUu9FqKvJKs7OKY8cefKemdMj8UVBsaV4BcbjbtbXs_htPIWyeI4274Ev1P5-4FOTPBIELvHMobpkVOyDd_1tRcysDqdTnYpw5731kRW5rsmu1D8y8Et11VWXZ4aKdHLuRbxTxGXDcrE1Br_optsRlYoQ3z9L77U1aFse6DYWp0RsngH415PQanrlZO8sWUJ7acQh8_wXVsy31hM4Q3cjUyMObRYaWyqRU5fz5bMt50wlucSM3Qf7Yyus7xhOjZs1SyuXt_jBqtsziqy9mdYh_Uk0jqvZ4RWa1grphglSSMZs83zXXhR1sYgkM2jldqIRzg1nQFmOzBxaWu9M3ufBacJtrbaO8cocg6WvQo9n4yF8QeedRepcQStn54hkfXorn7w0knB7OXd0F-rmc0vB99W3e-lIe6OnYvVRasOtO2BJX3_an6UVF5Oyfhi-O-e1YjjXhl5XFFySQ4WzOZYRki3Xo7IYscq5SYfUimX3X1gSu_2v-lXlgb8IrqkwlFoW1zzyBmrw8nkSczSMI9tFswjX3dO6xMIRr2MeBl4gVZc7ZWWlvbSjy81Vp7uzQ8e6W2Bwj8irZzi7c9fQf8-rm4Wel-6d0gWB-6dU4dym7UZxSzk6nWvYxs7yfrBn2SraFxYvrsyw_YaMop9p6Y91t2Vljmiw78I7Qx4vnBvQ8R0h9choktd7iOphreBJUs7JneX2cfpjcfSa6x_oWlhv11o43s7ZfBevdyF7wcBf16g7tgF6c55SWyuRrcaX77m9pxbFVz_cOxbqhhV",
    "id_token": "eyJhbGciOiJSUzI1NiIsImtpZCI6Ijg4NDg5MjEyMmUyOTM5ZmQxZjMxMzc1YjJiMzYzZWM4MTU3MjNiYmIiLCJ0eXAiOiJKV1QifQ.eyJhdWQiOiIzMjU1NTk0MDU1OS5hcHBzLmdvb2dsZXVzZXJjb250ZW50LmNvbSIsImF6cCI6IjEwNTIzOTM1NTc2NTQzODcyNDMyNCIsImV4cCI6MTc2MjAwMDAwMSwiaWF0IjoxNzYxOTk2NDAxLCJpc3MiOiJodHRwczovL2FjY291bnRzLmdvb2dsZS5jb20iLCJzdWIiOiIxMDUyMzkzNTU3NjU0Mzg3MjQzMjQifQ.XIzYBiUtPvrq-G1BnXNB4L5rMh3P9yUA7vvnhbMFjw1Zf1lYFeLZ1pWd9tKEIOcKU0Ksf52tZ5nkaferPCMMVsvk4Qv-YhdJulpDb53B-HdAPhrkZ90qITVakxoi8b76aIdUNsH_5DXsegre48AGk1lHdsj4rC4IrlAw137Ogx1AIuYShGyhw4SECD4lBUSGWNJbmCLAZIIoob2qmV8VcOLEb_OrMyrDZ_OcjYhO_GWkT25PBKY0Fz05BfrpXMxjm7QytdzRWotDCzsuzOJVySTq1tfAEVeL_BAs6Gr47IPECNPquO_NyzrZIWq9d0AEEdyyIv-f38P2dcBCh2kdFw",
    "token_expiry": "2025-11-01T12:26:21Z"
  },
  "sentinels": {
    "config_sentinel": "/home/jupyter/.config/gcloud/config_sentinel"
  }
}
2025-11-01 11:27:31,821 INFO     ___FILE_ONLY___ 

2025-11-01 11:27:31,829 DEBUG    root            SDK update checks are disabled.
